#
# There is insufficient memory for the Java Runtime Environment to continue.
# Native memory allocation (malloc) failed to allocate 1048576 bytes for AllocateHeap
# Possible reasons:
#   The system is out of physical RAM or swap space
#   The process is running with CompressedOops enabled, and the Java Heap may be blocking the growth of the native heap
# Possible solutions:
#   Reduce memory load on the system
#   Increase physical memory or swap space
#   Check if swap backing store is full
#   Decrease Java heap size (-Xmx/-Xms)
#   Decrease number of Java threads
#   Decrease Java thread stack sizes (-Xss)
#   Set larger code cache with -XX:ReservedCodeCacheSize=
#   JVM is running with Unscaled Compressed Oops mode in which the Java heap is
#     placed in the first 4GB address space. The Java Heap base address is the
#     maximum limit for the native heap growth. Please use -XX:HeapBaseMinAddress
#     to set the Java Heap base and to place the Java Heap above 4GB virtual address.
# This output file may be truncated or incomplete.
#
#  Out of Memory Error (allocation.cpp:44), pid=8444, tid=15284
#
# JRE version:  (17.0.8+9) (build )
# Java VM: Java HotSpot(TM) 64-Bit Server VM (17.0.8+9-LTS-211, mixed mode, sharing, tiered, compressed oops, compressed class ptrs, g1 gc, windows-amd64)
# No core dump will be written. Minidumps are not enabled by default on client versions of Windows
#

---------------  S U M M A R Y ------------

Command Line: -javaagent:C:\Program Files\JetBrains\IntelliJ IDEA Community Edition 2023.3.3\lib\idea_rt.jar=59181:C:\Program Files\JetBrains\IntelliJ IDEA Community Edition 2023.3.3\bin -Dfile.encoding=UTF-8 dev.v1k.Employee.Management.System.EmployeeManagementSystemApplication

Host: AMD Ryzen 5 4600H with Radeon Graphics         , 12 cores, 7G,  Windows 11 , 64 bit Build 22621 (10.0.22621.3527)
Time: Fri May 24 17:41:41 2024 India Standard Time elapsed time: 0.016041 seconds (0d 0h 0m 0s)

---------------  T H R E A D  ---------------

Current thread (0x000002b27fdbaa50):  JavaThread "Unknown thread" [_thread_in_vm, id=15284, stack(0x000000cbd5100000,0x000000cbd5200000)]

Stack: [0x000000cbd5100000,0x000000cbd5200000]
Native frames: (J=compiled Java code, j=interpreted, Vv=VM code, C=native code)
V  [jvm.dll+0x677d0a]
V  [jvm.dll+0x7d8c54]
V  [jvm.dll+0x7da3fe]
V  [jvm.dll+0x7daa63]
V  [jvm.dll+0x245c5f]
V  [jvm.dll+0xa50e3]
V  [jvm.dll+0x2e360e]
V  [jvm.dll+0x2db32b]
V  [jvm.dll+0x7aa711]
V  [jvm.dll+0x367b51]
V  [jvm.dll+0x789979]
V  [jvm.dll+0x3eb05f]
V  [jvm.dll+0x3ecae1]
C  [jli.dll+0x5297]
C  [ucrtbase.dll+0x29333]
C  [KERNEL32.DLL+0x1257d]
C  [ntdll.dll+0x5aa48]


---------------  P R O C E S S  ---------------

Threads class SMR info:
_java_thread_list=0x00007ffc92f359d8, length=0, elements={
}

Java Threads: ( => current thread )

Other Threads:
  0x000002b27fe143d0 GCTaskThread "GC Thread#0" [stack: 0x000000cbd5200000,0x000000cbd5300000] [id=15736]

[error occurred during error reporting (printing all threads), id 0xc0000005, EXCEPTION_ACCESS_VIOLATION (0xc0000005) at pc=0x00007ffc92768580]

VM state: not at safepoint (not fully initialized)

VM Mutex/Monitor currently owned by a thread:  ([mutex/lock_event])
[0x000002b27fdb6cb0] Heap_lock - owner thread: 0x000002b27fdbaa50

Heap address: 0x0000000089400000, size: 1900 MB, Compressed Oops mode: 32-bit

CDS archive(s) mapped at: [0x0000000000000000-0x0000000000000000-0x0000000000000000), size 0, SharedBaseAddress: 0x0000000800000000, ArchiveRelocationMode: 1.
Narrow klass base: 0x0000000000000000, Narrow klass shift: 0, Narrow klass range: 0x0

GC Precious Log:
<Empty>

Heap:
 garbage-first heap   total 0K, used 0K [0x0000000089400000, 0x0000000100000000)
  region size 1024K, 0 young (0K), 0 survivors (0K)

[error occurred during error reporting (printing heap information), id 0xc0000005, EXCEPTION_ACCESS_VIOLATION (0xc0000005) at pc=0x00007ffc92b51499]

GC Heap History (0 events):
No events

Deoptimization events (0 events):
No events

Classes unloaded (0 events):
No events

Classes redefined (0 events):
No events

Internal exceptions (0 events):
No events

VM Operations (0 events):
No events

Events (1 events):
Event: 0.012 Loaded shared library C:\Program Files\Java\jdk-17\bin\java.dll


Dynamic libraries:
0x00007ff69d750000 - 0x00007ff69d760000 	C:\Program Files\Java\jdk-17\bin\java.exe
0x00007ffce5d30000 - 0x00007ffce5f47000 	C:\WINDOWS\SYSTEM32\ntdll.dll
0x00007ffce5230000 - 0x00007ffce52f4000 	C:\WINDOWS\System32\KERNEL32.DLL
0x00007ffce35c0000 - 0x00007ffce3967000 	C:\WINDOWS\System32\KERNELBASE.dll
0x00007ffce3270000 - 0x00007ffce3381000 	C:\WINDOWS\System32\ucrtbase.dll
0x00007ffcd0ab0000 - 0x00007ffcd0acb000 	C:\Program Files\Java\jdk-17\bin\VCRUNTIME140.dll
0x00007ffcd23c0000 - 0x00007ffcd23d9000 	C:\Program Files\Java\jdk-17\bin\jli.dll
0x00007ffce41d0000 - 0x00007ffce4282000 	C:\WINDOWS\System32\ADVAPI32.dll
0x00007ffce4290000 - 0x00007ffce4337000 	C:\WINDOWS\System32\msvcrt.dll
0x00007ffce55e0000 - 0x00007ffce5688000 	C:\WINDOWS\System32\sechost.dll
0x00007ffce3970000 - 0x00007ffce3998000 	C:\WINDOWS\System32\bcrypt.dll
0x00007ffce4fb0000 - 0x00007ffce50c5000 	C:\WINDOWS\System32\RPCRT4.dll
0x00007ffce3b70000 - 0x00007ffce3d1e000 	C:\WINDOWS\System32\USER32.dll
0x00007ffcd1320000 - 0x00007ffcd15b3000 	C:\WINDOWS\WinSxS\amd64_microsoft.windows.common-controls_6595b64144ccf1df_6.0.22621.3527_none_270e469b73872a76\COMCTL32.dll
0x00007ffce31c0000 - 0x00007ffce31e6000 	C:\WINDOWS\System32\win32u.dll
0x00007ffce4630000 - 0x00007ffce4659000 	C:\WINDOWS\System32\GDI32.dll
0x00007ffce34a0000 - 0x00007ffce35b9000 	C:\WINDOWS\System32\gdi32full.dll
0x00007ffce3390000 - 0x00007ffce342a000 	C:\WINDOWS\System32\msvcp_win.dll
0x00007ffcdbf90000 - 0x00007ffcdbf9a000 	C:\WINDOWS\SYSTEM32\VERSION.dll
0x00007ffce4190000 - 0x00007ffce41c1000 	C:\WINDOWS\System32\IMM32.DLL
0x00007ffcd5fe0000 - 0x00007ffcd5fec000 	C:\Program Files\Java\jdk-17\bin\vcruntime140_1.dll
0x00007ffcab430000 - 0x00007ffcab4be000 	C:\Program Files\Java\jdk-17\bin\msvcp140.dll
0x00007ffc92480000 - 0x00007ffc9305e000 	C:\Program Files\Java\jdk-17\bin\server\jvm.dll
0x00007ffce3a60000 - 0x00007ffce3a68000 	C:\WINDOWS\System32\PSAPI.DLL
0x00007ffcdc500000 - 0x00007ffcdc534000 	C:\WINDOWS\SYSTEM32\WINMM.dll
0x00007ffcc0c70000 - 0x00007ffcc0c79000 	C:\WINDOWS\SYSTEM32\WSOCK32.dll
0x00007ffce4340000 - 0x00007ffce43b1000 	C:\WINDOWS\System32\WS2_32.dll
0x00007ffce2050000 - 0x00007ffce2068000 	C:\WINDOWS\SYSTEM32\kernel.appcore.dll
0x00007ffcd5f00000 - 0x00007ffcd5f0a000 	C:\Program Files\Java\jdk-17\bin\jimage.dll
0x00007ffcd95b0000 - 0x00007ffcd97e2000 	C:\WINDOWS\SYSTEM32\DBGHELP.DLL
0x00007ffce3e00000 - 0x00007ffce4188000 	C:\WINDOWS\System32\combase.dll
0x00007ffce4ec0000 - 0x00007ffce4f97000 	C:\WINDOWS\System32\OLEAUT32.dll
0x00007ffcd9190000 - 0x00007ffcd91c2000 	C:\WINDOWS\SYSTEM32\dbgcore.DLL
0x00007ffce31f0000 - 0x00007ffce3269000 	C:\WINDOWS\System32\bcryptPrimitives.dll
0x00007ffcde500000 - 0x00007ffcde50e000 	C:\Program Files\Java\jdk-17\bin\instrument.dll
0x00007ffcce500000 - 0x00007ffcce525000 	C:\Program Files\Java\jdk-17\bin\java.dll

dbghelp: loaded successfully - version: 4.0.5 - missing functions: none
symbol engine: initialized successfully - sym options: 0x614 - pdb path: .;C:\Program Files\Java\jdk-17\bin;C:\WINDOWS\SYSTEM32;C:\WINDOWS\WinSxS\amd64_microsoft.windows.common-controls_6595b64144ccf1df_6.0.22621.3527_none_270e469b73872a76;C:\Program Files\Java\jdk-17\bin\server

VM Arguments:
jvm_args: -javaagent:C:\Program Files\JetBrains\IntelliJ IDEA Community Edition 2023.3.3\lib\idea_rt.jar=59181:C:\Program Files\JetBrains\IntelliJ IDEA Community Edition 2023.3.3\bin -Dfile.encoding=UTF-8 
java_command: dev.v1k.Employee.Management.System.EmployeeManagementSystemApplication
java_class_path (initial): C:\Users\satvi\dev\Employee-Management-System\target\classes;C:\Users\satvi\.m2\repository\org\springframework\boot\spring-boot-starter-data-jpa\3.3.0\spring-boot-starter-data-jpa-3.3.0.jar;C:\Users\satvi\.m2\repository\org\springframework\boot\spring-boot-starter-aop\3.3.0\spring-boot-starter-aop-3.3.0.jar;C:\Users\satvi\.m2\repository\org\springframework\spring-aop\6.1.8\spring-aop-6.1.8.jar;C:\Users\satvi\.m2\repository\org\aspectj\aspectjweaver\1.9.22\aspectjweaver-1.9.22.jar;C:\Users\satvi\.m2\repository\org\springframework\boot\spring-boot-starter-jdbc\3.3.0\spring-boot-starter-jdbc-3.3.0.jar;C:\Users\satvi\.m2\repository\com\zaxxer\HikariCP\5.1.0\HikariCP-5.1.0.jar;C:\Users\satvi\.m2\repository\org\springframework\spring-jdbc\6.1.8\spring-jdbc-6.1.8.jar;C:\Users\satvi\.m2\repository\org\hibernate\orm\hibernate-core\6.5.2.Final\hibernate-core-6.5.2.Final.jar;C:\Users\satvi\.m2\repository\jakarta\persistence\jakarta.persistence-api\3.1.0\jakarta.persistence-api-3.1.0.jar;C:\Users\satvi\.m2\repository\jakarta\transaction\jakarta.transaction-api\2.0.1\jakarta.transaction-api-2.0.1.jar;C:\Users\satvi\.m2\repository\org\jboss\logging\jboss-logging\3.5.3.Final\jboss-logging-3.5.3.Final.jar;C:\Users\satvi\.m2\repository\org\hibernate\common\hibernate-commons-annotations\6.0.6.Final\hibernate-commons-annotations-6.0.6.Final.jar;C:\Users\satvi\.m2\repository\io\smallrye\jandex\3.1.2\jandex-3.1.2.jar;C:\Users\satvi\.m2\repository\com\fasterxml\classmate\1.7.0\classmate-1.7.0.jar;C:\Users\satvi\.m2\repository\net\bytebuddy\byte-buddy\1.14.16\byte-buddy-1.14.16.jar;C:\Users\satvi\.m2\repository\org\glassfish\jaxb\jaxb-runtime\4.0.5\jaxb-runtime-4.0.5.jar;C:\Users\satvi\.m2\repository\org\glassfish\jaxb\jaxb-core\4.0.5\jaxb-core-4.0.5.jar;C:\Users\satvi\.m2\repository\org\eclipse\angus\angus-activation\2.0.2\angus-activation-2.0.2.jar;C:\Users\satvi\.m2\repository\org\glassfish\jaxb\txw2\4.0.5\txw2-4.0.5.jar;C:\Users\satvi\.m2\repository\com\su
Launcher Type: SUN_STANDARD

[Global flags]
     intx CICompilerCount                          = 4                                         {product} {ergonomic}
     uint ConcGCThreads                            = 3                                         {product} {ergonomic}
     uint G1ConcRefinementThreads                  = 10                                        {product} {ergonomic}
   size_t G1HeapRegionSize                         = 1048576                                   {product} {ergonomic}
    uintx GCDrainStackTargetSize                   = 64                                        {product} {ergonomic}
   size_t InitialHeapSize                          = 125829120                                 {product} {ergonomic}
   size_t MarkStackSize                            = 4194304                                   {product} {ergonomic}
   size_t MaxHeapSize                              = 1992294400                                {product} {ergonomic}
   size_t MinHeapDeltaBytes                        = 1048576                                   {product} {ergonomic}
   size_t MinHeapSize                              = 8388608                                   {product} {ergonomic}
    uintx NonNMethodCodeHeapSize                   = 5839372                                {pd product} {ergonomic}
    uintx NonProfiledCodeHeapSize                  = 122909434                              {pd product} {ergonomic}
    uintx ProfiledCodeHeapSize                     = 122909434                              {pd product} {ergonomic}
    uintx ReservedCodeCacheSize                    = 251658240                              {pd product} {ergonomic}
     bool SegmentedCodeCache                       = true                                      {product} {ergonomic}
   size_t SoftMaxHeapSize                          = 1992294400                             {manageable} {ergonomic}
     bool UseCompressedClassPointers               = true                           {product lp64_product} {ergonomic}
     bool UseCompressedOops                        = true                           {product lp64_product} {ergonomic}
     bool UseG1GC                                  = true                                      {product} {ergonomic}
     bool UseLargePagesIndividualAllocation        = false                                  {pd product} {ergonomic}

Logging:
Log output configuration:
 #0: stdout all=warning uptime,level,tags
 #1: stderr all=off uptime,level,tags

Environment Variables:
JAVA_HOME=C:\Program Files\Java\jdk-17
PATH=C:\Program Files\Common Files\Oracle\Java\javapath;C:\Windows\system32;C:\Windows;C:\Windows\System32\Wbem;C:\Windows\System32\WindowsPowerShell\v1.0\;C:\Windows\System32\OpenSSH\;C:\Program Files\Git\cmd;C:\WINDOWS\system32;C:\WINDOWS;C:\WINDOWS\System32\Wbem;C:\WINDOWS\System32\WindowsPowerShell\v1.0\;C:\WINDOWS\System32\OpenSSH\;C:\Program Files\Docker\Docker\resources\bin;C:\Program Files\dotnet\;C:\Program Files\NVIDIA Corporation\NVIDIA NvDLISR;C:\Program Files (x86)\NVIDIA Corporation\PhysX\Common;C:\Program Files\Microsoft SQL Server\150\Tools\Binn\;C:\Program Files\apache-maven-3.9.6\bin;C:\Program Files\PostgreSQL\16\bin;C:\Program Files\kafka\bin;C:\Program Files\nodejs\;C:\Program Files (x86)\Go\bin;C:\Program Files\MySQL\MySQL Shell 8.0\bin\;C:\Users\satvi\AppData\Local\Programs\Python\Launcher\;C:\Program Files\Java\jdk-17\bin;C:\Users\satvi\AppData\Local\Programs\Microsoft VS Code\bin;C:\Program Files\JetBrains\PyCharm Community Edition 2023.3.3\bin;;C:\Users\satvi\AppData\Roaming\npm;C:\Users\satvi\go\bin;C:\Users\satvi\flutter\bin;C:\Program Files\JetBrains\RustRover 233.15026.24\bin;
USERNAME=vengeance
OS=Windows_NT
PROCESSOR_IDENTIFIER=AMD64 Family 23 Model 96 Stepping 1, AuthenticAMD



---------------  S Y S T E M  ---------------

OS:
 Windows 11 , 64 bit Build 22621 (10.0.22621.3527)
OS uptime: 1 days 0:25 hours
Hyper-V role detected

CPU: total 12 (initial active 12) (12 cores per cpu, 2 threads per core) family 23 model 96 stepping 1 microcode 0x0, cx8, cmov, fxsr, ht, mmx, 3dnowpref, sse, sse2, sse3, ssse3, sse4a, sse4.1, sse4.2, popcnt, lzcnt, tsc, tscinvbit, avx, avx2, aes, clmul, bmi1, bmi2, adx, sha, fma, vzeroupper, clflush, clflushopt, hv

Memory: 4k page, system-wide physical 7597M (1120M free)
TotalPageFile size 31149M (AvailPageFile size 5M)
current process WorkingSet (physical memory assigned to process): 11M, peak: 11M
current process commit charge ("private bytes"): 60M, peak: 61M

vm_info: Java HotSpot(TM) 64-Bit Server VM (17.0.8+9-LTS-211) for windows-amd64 JRE (17.0.8+9-LTS-211), built on Jun 14 2023 10:34:31 by "mach5one" with MS VC++ 17.1 (VS2022)

END.
