#
# There is insufficient memory for the Java Runtime Environment to continue.
# Native memory allocation (mmap) failed to map 65536 bytes for Failed to commit metaspace.
# Possible reasons:
#   The system is out of physical RAM or swap space
#   The process is running with CompressedOops enabled, and the Java Heap may be blocking the growth of the native heap
# Possible solutions:
#   Reduce memory load on the system
#   Increase physical memory or swap space
#   Check if swap backing store is full
#   Decrease Java heap size (-Xmx/-Xms)
#   Decrease number of Java threads
#   Decrease Java thread stack sizes (-Xss)
#   Set larger code cache with -XX:ReservedCodeCacheSize=
#   JVM is running with Unscaled Compressed Oops mode in which the Java heap is
#     placed in the first 4GB address space. The Java Heap base address is the
#     maximum limit for the native heap growth. Please use -XX:HeapBaseMinAddress
#     to set the Java Heap base and to place the Java Heap above 4GB virtual address.
# This output file may be truncated or incomplete.
#
#  Out of Memory Error (virtualSpaceNode.cpp:110), pid=1928, tid=7260
#
# JRE version: Java(TM) SE Runtime Environment (17.0.8+9) (build 17.0.8+9-LTS-211)
# Java VM: Java HotSpot(TM) 64-Bit Server VM (17.0.8+9-LTS-211, mixed mode, sharing, tiered, compressed oops, compressed class ptrs, g1 gc, windows-amd64)
# No core dump will be written. Minidumps are not enabled by default on client versions of Windows
#

---------------  S U M M A R Y ------------

Command Line: -javaagent:C:\Program Files\JetBrains\IntelliJ IDEA Community Edition 2023.3.3\lib\idea_rt.jar=59240:C:\Program Files\JetBrains\IntelliJ IDEA Community Edition 2023.3.3\bin -Dfile.encoding=UTF-8 dev.v1k.Employee.Management.System.EmployeeManagementSystemApplication

Host: AMD Ryzen 5 4600H with Radeon Graphics         , 12 cores, 7G,  Windows 11 , 64 bit Build 22621 (10.0.22621.3527)
Time: Fri May 24 17:42:49 2024 India Standard Time elapsed time: 1.636208 seconds (0d 0h 0m 1s)

---------------  T H R E A D  ---------------

Current thread (0x0000014ef8aea140):  JavaThread "background-preinit" [_thread_in_vm, id=7260, stack(0x00000025b5300000,0x00000025b5400000)]

Stack: [0x00000025b5300000,0x00000025b5400000]
Native frames: (J=compiled Java code, j=interpreted, Vv=VM code, C=native code)
V  [jvm.dll+0x677d0a]
V  [jvm.dll+0x7d8c54]
V  [jvm.dll+0x7da3fe]
V  [jvm.dll+0x7daa63]
V  [jvm.dll+0x245c5f]
V  [jvm.dll+0x7d4d5b]
V  [jvm.dll+0x61dcf6]
V  [jvm.dll+0x1c0127]
V  [jvm.dll+0x620650]
V  [jvm.dll+0x61e6b6]
V  [jvm.dll+0x23b6b1]
V  [jvm.dll+0x1ea657]
V  [jvm.dll+0x1e02f1]
V  [jvm.dll+0x53ddbc]
V  [jvm.dll+0x753768]
V  [jvm.dll+0x753854]
V  [jvm.dll+0x40ba4f]
V  [jvm.dll+0x411a69]
C  [java.dll+0x17ec]

Java frames: (J=compiled Java code, j=interpreted, Vv=VM code)
J 929  java.lang.ClassLoader.defineClass1(Ljava/lang/ClassLoader;Ljava/lang/String;[BIILjava/security/ProtectionDomain;Ljava/lang/String;)Ljava/lang/Class; java.base@17.0.8 (0 bytes) @ 0x0000014ea40050e3 [0x0000014ea4005020+0x00000000000000c3]
J 1097 c1 java.lang.ClassLoader.defineClass(Ljava/lang/String;[BIILjava/security/ProtectionDomain;)Ljava/lang/Class; java.base@17.0.8 (43 bytes) @ 0x0000014e9c6c9e54 [0x0000014e9c6c9b00+0x0000000000000354]
J 983 c1 java.security.SecureClassLoader.defineClass(Ljava/lang/String;[BIILjava/security/CodeSource;)Ljava/lang/Class; java.base@17.0.8 (16 bytes) @ 0x0000014e9c69860c [0x0000014e9c698540+0x00000000000000cc]
J 894 c1 jdk.internal.loader.BuiltinClassLoader.defineClass(Ljava/lang/String;Ljdk/internal/loader/Resource;)Ljava/lang/Class; java.base@17.0.8 (121 bytes) @ 0x0000014e9c66e2e4 [0x0000014e9c66d380+0x0000000000000f64]
J 755 c1 jdk.internal.loader.BuiltinClassLoader.findClassOnClassPathOrNull(Ljava/lang/String;)Ljava/lang/Class; java.base@17.0.8 (64 bytes) @ 0x0000014e9c61985c [0x0000014e9c6187e0+0x000000000000107c]
J 458 c1 jdk.internal.loader.BuiltinClassLoader.loadClassOrNull(Ljava/lang/String;Z)Ljava/lang/Class; java.base@17.0.8 (143 bytes) @ 0x0000014e9c5854cc [0x0000014e9c5845c0+0x0000000000000f0c]
J 667 c1 jdk.internal.loader.ClassLoaders$AppClassLoader.loadClass(Ljava/lang/String;Z)Ljava/lang/Class; java.base@17.0.8 (40 bytes) @ 0x0000014e9c5ec484 [0x0000014e9c5ebe60+0x0000000000000624]
J 666 c1 java.lang.ClassLoader.loadClass(Ljava/lang/String;)Ljava/lang/Class; java.base@17.0.8 (7 bytes) @ 0x0000014e9c5ebacc [0x0000014e9c5eb9c0+0x000000000000010c]
v  ~StubRoutines::call_stub
j  com.fasterxml.jackson.databind.ObjectMapper.<init>(Lcom/fasterxml/jackson/core/JsonFactory;Lcom/fasterxml/jackson/databind/ser/DefaultSerializerProvider;Lcom/fasterxml/jackson/databind/deser/DefaultDeserializationContext;)V+274
j  com.fasterxml.jackson.databind.ObjectMapper.<init>()V+4
j  org.springframework.http.converter.json.Jackson2ObjectMapperBuilder.build()Lcom/fasterxml/jackson/databind/ObjectMapper;+81
j  org.springframework.http.converter.json.MappingJackson2HttpMessageConverter.<init>()V+4
j  org.springframework.http.converter.support.AllEncompassingFormHttpMessageConverter.<init>()V+55
j  org.springframework.boot.autoconfigure.BackgroundPreinitializer$MessageConverterInitializer.run()V+4
j  org.springframework.boot.autoconfigure.BackgroundPreinitializer$1.runSafely(Ljava/lang/Runnable;)Z+1
j  org.springframework.boot.autoconfigure.BackgroundPreinitializer$1.run()V+32
j  java.lang.Thread.run()V+11 java.base@17.0.8
v  ~StubRoutines::call_stub

---------------  P R O C E S S  ---------------

Threads class SMR info:
_java_thread_list=0x0000014ef8b2c0f0, length=15, elements={
0x0000014e94c4a7b0, 0x0000014eb2d083a0, 0x0000014eb2d09010, 0x0000014eb2d1bed0,
0x0000014eb2d1c790, 0x0000014eb2d1d050, 0x0000014eb2d1d910, 0x0000014eb2d1e5b0,
0x0000014eb2d2a470, 0x0000014eb2d30d90, 0x0000014eb2cee820, 0x0000014ef830ab70,
0x0000014ef830b040, 0x0000014ef8b02090, 0x0000014ef8aea140
}

Java Threads: ( => current thread )
  0x0000014e94c4a7b0 JavaThread "main" [_thread_in_vm, id=7572, stack(0x00000025b3900000,0x00000025b3a00000)]
  0x0000014eb2d083a0 JavaThread "Reference Handler" daemon [_thread_blocked, id=6164, stack(0x00000025b4000000,0x00000025b4100000)]
  0x0000014eb2d09010 JavaThread "Finalizer" daemon [_thread_blocked, id=11024, stack(0x00000025b4100000,0x00000025b4200000)]
  0x0000014eb2d1bed0 JavaThread "Signal Dispatcher" daemon [_thread_blocked, id=17548, stack(0x00000025b4200000,0x00000025b4300000)]
  0x0000014eb2d1c790 JavaThread "Attach Listener" daemon [_thread_blocked, id=15944, stack(0x00000025b4300000,0x00000025b4400000)]
  0x0000014eb2d1d050 JavaThread "Service Thread" daemon [_thread_blocked, id=15008, stack(0x00000025b4400000,0x00000025b4500000)]
  0x0000014eb2d1d910 JavaThread "Monitor Deflation Thread" daemon [_thread_blocked, id=6980, stack(0x00000025b4500000,0x00000025b4600000)]
  0x0000014eb2d1e5b0 JavaThread "C2 CompilerThread0" daemon [_thread_blocked, id=6412, stack(0x00000025b4600000,0x00000025b4700000)]
  0x0000014eb2d2a470 JavaThread "C1 CompilerThread0" daemon [_thread_blocked, id=1908, stack(0x00000025b4700000,0x00000025b4800000)]
  0x0000014eb2d30d90 JavaThread "Sweeper thread" daemon [_thread_blocked, id=4316, stack(0x00000025b4800000,0x00000025b4900000)]
  0x0000014eb2cee820 JavaThread "Common-Cleaner" daemon [_thread_blocked, id=12100, stack(0x00000025b4900000,0x00000025b4a00000)]
  0x0000014ef830ab70 JavaThread "Monitor Ctrl-Break" daemon [_thread_in_native, id=10276, stack(0x00000025b4a00000,0x00000025b4b00000)]
  0x0000014ef830b040 JavaThread "Notification Thread" daemon [_thread_blocked, id=10004, stack(0x00000025b4b00000,0x00000025b4c00000)]
  0x0000014ef8b02090 JavaThread "C2 CompilerThread1" daemon [_thread_blocked, id=6572, stack(0x00000025b5200000,0x00000025b5300000)]
=>0x0000014ef8aea140 JavaThread "background-preinit" [_thread_in_vm, id=7260, stack(0x00000025b5300000,0x00000025b5400000)]

Other Threads:
  0x0000014eb2d048b0 VMThread "VM Thread" [stack: 0x00000025b3f00000,0x00000025b4000000] [id=6788]
  0x0000014e94d080f0 WatcherThread [stack: 0x00000025b4c00000,0x00000025b4d00000] [id=16624]
  0x0000014e94ca4320 GCTaskThread "GC Thread#0" [stack: 0x00000025b3a00000,0x00000025b3b00000] [id=19292]
  0x0000014ef89da250 GCTaskThread "GC Thread#1" [stack: 0x00000025b4d00000,0x00000025b4e00000] [id=2324]
  0x0000014ef8b23db0 GCTaskThread "GC Thread#2" [stack: 0x00000025b4e00000,0x00000025b4f00000] [id=12132]
  0x0000014ef8b24060 GCTaskThread "GC Thread#3" [stack: 0x00000025b4f00000,0x00000025b5000000] [id=4564]
  0x0000014ef8b24720 GCTaskThread "GC Thread#4" [stack: 0x00000025b5000000,0x00000025b5100000] [id=4104]
  0x0000014ef8b249d0 GCTaskThread "GC Thread#5" [stack: 0x00000025b5100000,0x00000025b5200000] [id=17364]
  0x0000014ef8cafe20 GCTaskThread "GC Thread#6" [stack: 0x00000025b5400000,0x00000025b5500000] [id=16676]
  0x0000014ef8caf610 GCTaskThread "GC Thread#7" [stack: 0x00000025b5500000,0x00000025b5600000] [id=12256]
  0x0000014ef8cb0380 GCTaskThread "GC Thread#8" [stack: 0x00000025b5600000,0x00000025b5700000] [id=12304]
  0x0000014ef8cb0b90 GCTaskThread "GC Thread#9" [stack: 0x00000025b5700000,0x00000025b5800000] [id=3156]
  0x0000014e94cb3ee0 ConcurrentGCThread "G1 Main Marker" [stack: 0x00000025b3b00000,0x00000025b3c00000] [id=17492]
  0x0000014e94cb5800 ConcurrentGCThread "G1 Conc#0" [stack: 0x00000025b3c00000,0x00000025b3d00000] [id=18604]
  0x0000014e94d0ecd0 ConcurrentGCThread "G1 Refine#0" [stack: 0x00000025b3d00000,0x00000025b3e00000] [id=10952]
  0x0000014eb2bbfc40 ConcurrentGCThread "G1 Service" [stack: 0x00000025b3e00000,0x00000025b3f00000] [id=10032]

Threads with active compile tasks:

VM state: not at safepoint (normal execution)

VM Mutex/Monitor currently owned by a thread:  ([mutex/lock_event])
[0x0000014e94c45850] Metaspace_lock - owner thread: 0x0000014ef8aea140

Heap address: 0x0000000089400000, size: 1900 MB, Compressed Oops mode: 32-bit

CDS archive(s) mapped at: [0x0000014eb3000000-0x0000014eb3bd0000-0x0000014eb3bd0000), size 12386304, SharedBaseAddress: 0x0000014eb3000000, ArchiveRelocationMode: 1.
Compressed class space mapped at: 0x0000014eb4000000-0x0000014ef4000000, reserved size: 1073741824
Narrow klass base: 0x0000014eb3000000, Narrow klass shift: 0, Narrow klass range: 0x100000000

GC Precious Log:
 CPUs: 12 total, 12 available
 Memory: 7597M
 Large Page Support: Disabled
 NUMA Support: Disabled
 Compressed Oops: Enabled (32-bit)
 Heap Region Size: 1M
 Heap Min Capacity: 8M
 Heap Initial Capacity: 120M
 Heap Max Capacity: 1900M
 Pre-touch: Disabled
 Parallel Workers: 10
 Concurrent Workers: 3
 Concurrent Refinement Workers: 10
 Periodic GC: Disabled

Heap:
 garbage-first heap   total 122880K, used 10567K [0x0000000089400000, 0x0000000100000000)
  region size 1024K, 5 young (5120K), 3 survivors (3072K)
 Metaspace       used 14045K, committed 14272K, reserved 1114112K
  class space    used 1688K, committed 1792K, reserved 1048576K

Heap Regions: E=young(eden), S=young(survivor), O=old, HS=humongous(starts), HC=humongous(continues), CS=collection set, F=free, OA=open archive, CA=closed archive, TAMS=top-at-mark-start (previous, next)
|   0|0x0000000089400000, 0x0000000089500000, 0x0000000089500000|100%|HS|  |TAMS 0x0000000089400000, 0x0000000089400000| Complete 
|   1|0x0000000089500000, 0x0000000089600000, 0x0000000089600000|100%| O|  |TAMS 0x0000000089500000, 0x0000000089500000| Untracked 
|   2|0x0000000089600000, 0x0000000089700000, 0x0000000089700000|100%| O|  |TAMS 0x0000000089600000, 0x0000000089600000| Untracked 
|   3|0x0000000089700000, 0x0000000089800000, 0x0000000089800000|100%| O|  |TAMS 0x0000000089700000, 0x0000000089700000| Untracked 
|   4|0x0000000089800000, 0x0000000089900000, 0x0000000089900000|100%| O|  |TAMS 0x0000000089800000, 0x0000000089800000| Untracked 
|   5|0x0000000089900000, 0x0000000089a00000, 0x0000000089a00000|100%| O|  |TAMS 0x0000000089900000, 0x0000000089900000| Untracked 
|   6|0x0000000089a00000, 0x0000000089aa7000, 0x0000000089b00000| 65%| O|  |TAMS 0x0000000089a00000, 0x0000000089a00000| Untracked 
|   7|0x0000000089b00000, 0x0000000089b00000, 0x0000000089c00000|  0%| F|  |TAMS 0x0000000089b00000, 0x0000000089b00000| Untracked 
|   8|0x0000000089c00000, 0x0000000089c00000, 0x0000000089d00000|  0%| F|  |TAMS 0x0000000089c00000, 0x0000000089c00000| Untracked 
|   9|0x0000000089d00000, 0x0000000089d00000, 0x0000000089e00000|  0%| F|  |TAMS 0x0000000089d00000, 0x0000000089d00000| Untracked 
|  10|0x0000000089e00000, 0x0000000089e00000, 0x0000000089f00000|  0%| F|  |TAMS 0x0000000089e00000, 0x0000000089e00000| Untracked 
|  11|0x0000000089f00000, 0x0000000089f00000, 0x000000008a000000|  0%| F|  |TAMS 0x0000000089f00000, 0x0000000089f00000| Untracked 
|  12|0x000000008a000000, 0x000000008a000000, 0x000000008a100000|  0%| F|  |TAMS 0x000000008a000000, 0x000000008a000000| Untracked 
|  13|0x000000008a100000, 0x000000008a100000, 0x000000008a200000|  0%| F|  |TAMS 0x000000008a100000, 0x000000008a100000| Untracked 
|  14|0x000000008a200000, 0x000000008a200000, 0x000000008a300000|  0%| F|  |TAMS 0x000000008a200000, 0x000000008a200000| Untracked 
|  15|0x000000008a300000, 0x000000008a300000, 0x000000008a400000|  0%| F|  |TAMS 0x000000008a300000, 0x000000008a300000| Untracked 
|  16|0x000000008a400000, 0x000000008a400000, 0x000000008a500000|  0%| F|  |TAMS 0x000000008a400000, 0x000000008a400000| Untracked 
|  17|0x000000008a500000, 0x000000008a500000, 0x000000008a600000|  0%| F|  |TAMS 0x000000008a500000, 0x000000008a500000| Untracked 
|  18|0x000000008a600000, 0x000000008a600000, 0x000000008a700000|  0%| F|  |TAMS 0x000000008a600000, 0x000000008a600000| Untracked 
|  19|0x000000008a700000, 0x000000008a700000, 0x000000008a800000|  0%| F|  |TAMS 0x000000008a700000, 0x000000008a700000| Untracked 
|  20|0x000000008a800000, 0x000000008a800000, 0x000000008a900000|  0%| F|  |TAMS 0x000000008a800000, 0x000000008a800000| Untracked 
|  21|0x000000008a900000, 0x000000008a900000, 0x000000008aa00000|  0%| F|  |TAMS 0x000000008a900000, 0x000000008a900000| Untracked 
|  22|0x000000008aa00000, 0x000000008aa00000, 0x000000008ab00000|  0%| F|  |TAMS 0x000000008aa00000, 0x000000008aa00000| Untracked 
|  23|0x000000008ab00000, 0x000000008ab00000, 0x000000008ac00000|  0%| F|  |TAMS 0x000000008ab00000, 0x000000008ab00000| Untracked 
|  24|0x000000008ac00000, 0x000000008ac00000, 0x000000008ad00000|  0%| F|  |TAMS 0x000000008ac00000, 0x000000008ac00000| Untracked 
|  25|0x000000008ad00000, 0x000000008ad00000, 0x000000008ae00000|  0%| F|  |TAMS 0x000000008ad00000, 0x000000008ad00000| Untracked 
|  26|0x000000008ae00000, 0x000000008ae00000, 0x000000008af00000|  0%| F|  |TAMS 0x000000008ae00000, 0x000000008ae00000| Untracked 
|  27|0x000000008af00000, 0x000000008af00000, 0x000000008b000000|  0%| F|  |TAMS 0x000000008af00000, 0x000000008af00000| Untracked 
|  28|0x000000008b000000, 0x000000008b000000, 0x000000008b100000|  0%| F|  |TAMS 0x000000008b000000, 0x000000008b000000| Untracked 
|  29|0x000000008b100000, 0x000000008b100000, 0x000000008b200000|  0%| F|  |TAMS 0x000000008b100000, 0x000000008b100000| Untracked 
|  30|0x000000008b200000, 0x000000008b200000, 0x000000008b300000|  0%| F|  |TAMS 0x000000008b200000, 0x000000008b200000| Untracked 
|  31|0x000000008b300000, 0x000000008b300000, 0x000000008b400000|  0%| F|  |TAMS 0x000000008b300000, 0x000000008b300000| Untracked 
|  32|0x000000008b400000, 0x000000008b400000, 0x000000008b500000|  0%| F|  |TAMS 0x000000008b400000, 0x000000008b400000| Untracked 
|  33|0x000000008b500000, 0x000000008b500000, 0x000000008b600000|  0%| F|  |TAMS 0x000000008b500000, 0x000000008b500000| Untracked 
|  34|0x000000008b600000, 0x000000008b600000, 0x000000008b700000|  0%| F|  |TAMS 0x000000008b600000, 0x000000008b600000| Untracked 
|  35|0x000000008b700000, 0x000000008b700000, 0x000000008b800000|  0%| F|  |TAMS 0x000000008b700000, 0x000000008b700000| Untracked 
|  36|0x000000008b800000, 0x000000008b800000, 0x000000008b900000|  0%| F|  |TAMS 0x000000008b800000, 0x000000008b800000| Untracked 
|  37|0x000000008b900000, 0x000000008b900000, 0x000000008ba00000|  0%| F|  |TAMS 0x000000008b900000, 0x000000008b900000| Untracked 
|  38|0x000000008ba00000, 0x000000008ba00000, 0x000000008bb00000|  0%| F|  |TAMS 0x000000008ba00000, 0x000000008ba00000| Untracked 
|  39|0x000000008bb00000, 0x000000008bb00000, 0x000000008bc00000|  0%| F|  |TAMS 0x000000008bb00000, 0x000000008bb00000| Untracked 
|  40|0x000000008bc00000, 0x000000008bc00000, 0x000000008bd00000|  0%| F|  |TAMS 0x000000008bc00000, 0x000000008bc00000| Untracked 
|  41|0x000000008bd00000, 0x000000008bd00000, 0x000000008be00000|  0%| F|  |TAMS 0x000000008bd00000, 0x000000008bd00000| Untracked 
|  42|0x000000008be00000, 0x000000008be00000, 0x000000008bf00000|  0%| F|  |TAMS 0x000000008be00000, 0x000000008be00000| Untracked 
|  43|0x000000008bf00000, 0x000000008bf00000, 0x000000008c000000|  0%| F|  |TAMS 0x000000008bf00000, 0x000000008bf00000| Untracked 
|  44|0x000000008c000000, 0x000000008c000000, 0x000000008c100000|  0%| F|  |TAMS 0x000000008c000000, 0x000000008c000000| Untracked 
|  45|0x000000008c100000, 0x000000008c100000, 0x000000008c200000|  0%| F|  |TAMS 0x000000008c100000, 0x000000008c100000| Untracked 
|  46|0x000000008c200000, 0x000000008c200000, 0x000000008c300000|  0%| F|  |TAMS 0x000000008c200000, 0x000000008c200000| Untracked 
|  47|0x000000008c300000, 0x000000008c300000, 0x000000008c400000|  0%| F|  |TAMS 0x000000008c300000, 0x000000008c300000| Untracked 
|  48|0x000000008c400000, 0x000000008c400000, 0x000000008c500000|  0%| F|  |TAMS 0x000000008c400000, 0x000000008c400000| Untracked 
|  49|0x000000008c500000, 0x000000008c500000, 0x000000008c600000|  0%| F|  |TAMS 0x000000008c500000, 0x000000008c500000| Untracked 
|  50|0x000000008c600000, 0x000000008c600000, 0x000000008c700000|  0%| F|  |TAMS 0x000000008c600000, 0x000000008c600000| Untracked 
|  51|0x000000008c700000, 0x000000008c700000, 0x000000008c800000|  0%| F|  |TAMS 0x000000008c700000, 0x000000008c700000| Untracked 
|  52|0x000000008c800000, 0x000000008c800000, 0x000000008c900000|  0%| F|  |TAMS 0x000000008c800000, 0x000000008c800000| Untracked 
|  53|0x000000008c900000, 0x000000008c900000, 0x000000008ca00000|  0%| F|  |TAMS 0x000000008c900000, 0x000000008c900000| Untracked 
|  54|0x000000008ca00000, 0x000000008ca00000, 0x000000008cb00000|  0%| F|  |TAMS 0x000000008ca00000, 0x000000008ca00000| Untracked 
|  55|0x000000008cb00000, 0x000000008cb00000, 0x000000008cc00000|  0%| F|  |TAMS 0x000000008cb00000, 0x000000008cb00000| Untracked 
|  56|0x000000008cc00000, 0x000000008cc00000, 0x000000008cd00000|  0%| F|  |TAMS 0x000000008cc00000, 0x000000008cc00000| Untracked 
|  57|0x000000008cd00000, 0x000000008cd00000, 0x000000008ce00000|  0%| F|  |TAMS 0x000000008cd00000, 0x000000008cd00000| Untracked 
|  58|0x000000008ce00000, 0x000000008ce00000, 0x000000008cf00000|  0%| F|  |TAMS 0x000000008ce00000, 0x000000008ce00000| Untracked 
|  59|0x000000008cf00000, 0x000000008cf00000, 0x000000008d000000|  0%| F|  |TAMS 0x000000008cf00000, 0x000000008cf00000| Untracked 
|  60|0x000000008d000000, 0x000000008d000000, 0x000000008d100000|  0%| F|  |TAMS 0x000000008d000000, 0x000000008d000000| Untracked 
|  61|0x000000008d100000, 0x000000008d100000, 0x000000008d200000|  0%| F|  |TAMS 0x000000008d100000, 0x000000008d100000| Untracked 
|  62|0x000000008d200000, 0x000000008d200000, 0x000000008d300000|  0%| F|  |TAMS 0x000000008d200000, 0x000000008d200000| Untracked 
|  63|0x000000008d300000, 0x000000008d300000, 0x000000008d400000|  0%| F|  |TAMS 0x000000008d300000, 0x000000008d300000| Untracked 
|  64|0x000000008d400000, 0x000000008d400000, 0x000000008d500000|  0%| F|  |TAMS 0x000000008d400000, 0x000000008d400000| Untracked 
|  65|0x000000008d500000, 0x000000008d500000, 0x000000008d600000|  0%| F|  |TAMS 0x000000008d500000, 0x000000008d500000| Untracked 
|  66|0x000000008d600000, 0x000000008d600000, 0x000000008d700000|  0%| F|  |TAMS 0x000000008d600000, 0x000000008d600000| Untracked 
|  67|0x000000008d700000, 0x000000008d700000, 0x000000008d800000|  0%| F|  |TAMS 0x000000008d700000, 0x000000008d700000| Untracked 
|  68|0x000000008d800000, 0x000000008d800000, 0x000000008d900000|  0%| F|  |TAMS 0x000000008d800000, 0x000000008d800000| Untracked 
|  69|0x000000008d900000, 0x000000008d900000, 0x000000008da00000|  0%| F|  |TAMS 0x000000008d900000, 0x000000008d900000| Untracked 
|  70|0x000000008da00000, 0x000000008da00000, 0x000000008db00000|  0%| F|  |TAMS 0x000000008da00000, 0x000000008da00000| Untracked 
|  71|0x000000008db00000, 0x000000008db00000, 0x000000008dc00000|  0%| F|  |TAMS 0x000000008db00000, 0x000000008db00000| Untracked 
|  72|0x000000008dc00000, 0x000000008dc00000, 0x000000008dd00000|  0%| F|  |TAMS 0x000000008dc00000, 0x000000008dc00000| Untracked 
|  73|0x000000008dd00000, 0x000000008dd00000, 0x000000008de00000|  0%| F|  |TAMS 0x000000008dd00000, 0x000000008dd00000| Untracked 
|  74|0x000000008de00000, 0x000000008de00000, 0x000000008df00000|  0%| F|  |TAMS 0x000000008de00000, 0x000000008de00000| Untracked 
|  75|0x000000008df00000, 0x000000008df00000, 0x000000008e000000|  0%| F|  |TAMS 0x000000008df00000, 0x000000008df00000| Untracked 
|  76|0x000000008e000000, 0x000000008e000000, 0x000000008e100000|  0%| F|  |TAMS 0x000000008e000000, 0x000000008e000000| Untracked 
|  77|0x000000008e100000, 0x000000008e100000, 0x000000008e200000|  0%| F|  |TAMS 0x000000008e100000, 0x000000008e100000| Untracked 
|  78|0x000000008e200000, 0x000000008e200000, 0x000000008e300000|  0%| F|  |TAMS 0x000000008e200000, 0x000000008e200000| Untracked 
|  79|0x000000008e300000, 0x000000008e300000, 0x000000008e400000|  0%| F|  |TAMS 0x000000008e300000, 0x000000008e300000| Untracked 
|  80|0x000000008e400000, 0x000000008e400000, 0x000000008e500000|  0%| F|  |TAMS 0x000000008e400000, 0x000000008e400000| Untracked 
|  81|0x000000008e500000, 0x000000008e500000, 0x000000008e600000|  0%| F|  |TAMS 0x000000008e500000, 0x000000008e500000| Untracked 
|  82|0x000000008e600000, 0x000000008e600000, 0x000000008e700000|  0%| F|  |TAMS 0x000000008e600000, 0x000000008e600000| Untracked 
|  83|0x000000008e700000, 0x000000008e700000, 0x000000008e800000|  0%| F|  |TAMS 0x000000008e700000, 0x000000008e700000| Untracked 
|  84|0x000000008e800000, 0x000000008e800000, 0x000000008e900000|  0%| F|  |TAMS 0x000000008e800000, 0x000000008e800000| Untracked 
|  85|0x000000008e900000, 0x000000008e900000, 0x000000008ea00000|  0%| F|  |TAMS 0x000000008e900000, 0x000000008e900000| Untracked 
|  86|0x000000008ea00000, 0x000000008eaaaf10, 0x000000008eb00000| 66%| S|CS|TAMS 0x000000008ea00000, 0x000000008ea00000| Complete 
|  87|0x000000008eb00000, 0x000000008ec00000, 0x000000008ec00000|100%| S|CS|TAMS 0x000000008eb00000, 0x000000008eb00000| Complete 
|  88|0x000000008ec00000, 0x000000008ed00000, 0x000000008ed00000|100%| S|CS|TAMS 0x000000008ec00000, 0x000000008ec00000| Complete 
|  89|0x000000008ed00000, 0x000000008ed00000, 0x000000008ee00000|  0%| F|  |TAMS 0x000000008ed00000, 0x000000008ed00000| Untracked 
|  90|0x000000008ee00000, 0x000000008ee00000, 0x000000008ef00000|  0%| F|  |TAMS 0x000000008ee00000, 0x000000008ee00000| Untracked 
|  91|0x000000008ef00000, 0x000000008ef00000, 0x000000008f000000|  0%| F|  |TAMS 0x000000008ef00000, 0x000000008ef00000| Untracked 
|  92|0x000000008f000000, 0x000000008f000000, 0x000000008f100000|  0%| F|  |TAMS 0x000000008f000000, 0x000000008f000000| Untracked 
|  93|0x000000008f100000, 0x000000008f100000, 0x000000008f200000|  0%| F|  |TAMS 0x000000008f100000, 0x000000008f100000| Untracked 
|  94|0x000000008f200000, 0x000000008f200000, 0x000000008f300000|  0%| F|  |TAMS 0x000000008f200000, 0x000000008f200000| Untracked 
|  95|0x000000008f300000, 0x000000008f300000, 0x000000008f400000|  0%| F|  |TAMS 0x000000008f300000, 0x000000008f300000| Untracked 
|  96|0x000000008f400000, 0x000000008f400000, 0x000000008f500000|  0%| F|  |TAMS 0x000000008f400000, 0x000000008f400000| Untracked 
|  97|0x000000008f500000, 0x000000008f500000, 0x000000008f600000|  0%| F|  |TAMS 0x000000008f500000, 0x000000008f500000| Untracked 
|  98|0x000000008f600000, 0x000000008f600000, 0x000000008f700000|  0%| F|  |TAMS 0x000000008f600000, 0x000000008f600000| Untracked 
|  99|0x000000008f700000, 0x000000008f700000, 0x000000008f800000|  0%| F|  |TAMS 0x000000008f700000, 0x000000008f700000| Untracked 
| 100|0x000000008f800000, 0x000000008f800000, 0x000000008f900000|  0%| F|  |TAMS 0x000000008f800000, 0x000000008f800000| Untracked 
| 101|0x000000008f900000, 0x000000008f900000, 0x000000008fa00000|  0%| F|  |TAMS 0x000000008f900000, 0x000000008f900000| Untracked 
| 102|0x000000008fa00000, 0x000000008fa00000, 0x000000008fb00000|  0%| F|  |TAMS 0x000000008fa00000, 0x000000008fa00000| Untracked 
| 103|0x000000008fb00000, 0x000000008fb00000, 0x000000008fc00000|  0%| F|  |TAMS 0x000000008fb00000, 0x000000008fb00000| Untracked 
| 104|0x000000008fc00000, 0x000000008fc00000, 0x000000008fd00000|  0%| F|  |TAMS 0x000000008fc00000, 0x000000008fc00000| Untracked 
| 105|0x000000008fd00000, 0x000000008fd00000, 0x000000008fe00000|  0%| F|  |TAMS 0x000000008fd00000, 0x000000008fd00000| Untracked 
| 106|0x000000008fe00000, 0x000000008fe00000, 0x000000008ff00000|  0%| F|  |TAMS 0x000000008fe00000, 0x000000008fe00000| Untracked 
| 107|0x000000008ff00000, 0x000000008ff00000, 0x0000000090000000|  0%| F|  |TAMS 0x000000008ff00000, 0x000000008ff00000| Untracked 
| 108|0x0000000090000000, 0x0000000090000000, 0x0000000090100000|  0%| F|  |TAMS 0x0000000090000000, 0x0000000090000000| Untracked 
| 109|0x0000000090100000, 0x0000000090100000, 0x0000000090200000|  0%| F|  |TAMS 0x0000000090100000, 0x0000000090100000| Untracked 
| 110|0x0000000090200000, 0x0000000090200000, 0x0000000090300000|  0%| F|  |TAMS 0x0000000090200000, 0x0000000090200000| Untracked 
| 111|0x0000000090300000, 0x0000000090300000, 0x0000000090400000|  0%| F|  |TAMS 0x0000000090300000, 0x0000000090300000| Untracked 
| 112|0x0000000090400000, 0x0000000090400000, 0x0000000090500000|  0%| F|  |TAMS 0x0000000090400000, 0x0000000090400000| Untracked 
| 113|0x0000000090500000, 0x0000000090500000, 0x0000000090600000|  0%| F|  |TAMS 0x0000000090500000, 0x0000000090500000| Untracked 
| 114|0x0000000090600000, 0x0000000090600000, 0x0000000090700000|  0%| F|  |TAMS 0x0000000090600000, 0x0000000090600000| Untracked 
| 115|0x0000000090700000, 0x0000000090700000, 0x0000000090800000|  0%| F|  |TAMS 0x0000000090700000, 0x0000000090700000| Untracked 
| 116|0x0000000090800000, 0x0000000090800000, 0x0000000090900000|  0%| F|  |TAMS 0x0000000090800000, 0x0000000090800000| Untracked 
| 117|0x0000000090900000, 0x0000000090900000, 0x0000000090a00000|  0%| F|  |TAMS 0x0000000090900000, 0x0000000090900000| Untracked 
| 118|0x0000000090a00000, 0x0000000090b00000, 0x0000000090b00000|100%| E|  |TAMS 0x0000000090a00000, 0x0000000090a00000| Complete 
| 119|0x0000000090b00000, 0x0000000090c00000, 0x0000000090c00000|100%| E|CS|TAMS 0x0000000090b00000, 0x0000000090b00000| Complete 

Card table byte_map: [0x0000014eabdf0000,0x0000014eac1b0000] _byte_map_base: 0x0000014eab9a6000

Marking Bits (Prev, Next): (CMBitMap*) 0x0000014e94ca4830, (CMBitMap*) 0x0000014e94ca4870
 Prev Bits: [0x0000014eac570000, 0x0000014eae320000)
 Next Bits: [0x0000014eae320000, 0x0000014eb00d0000)

Polling page: 0x0000014e92c40000

Metaspace:

Usage:
  Non-class:     12.07 MB used.
      Class:      1.65 MB used.
       Both:     13.72 MB used.

Virtual space:
  Non-class space:       64.00 MB reserved,      12.19 MB ( 19%) committed,  1 nodes.
      Class space:        1.00 GB reserved,       1.75 MB ( <1%) committed,  1 nodes.
             Both:        1.06 GB reserved,      13.94 MB (  1%) committed. 

Chunk freelists:
   Non-Class:  3.67 MB
       Class:  14.19 MB
        Both:  17.86 MB

MaxMetaspaceSize: unlimited
CompressedClassSpaceSize: 1.00 GB
Initial GC threshold: 21.00 MB
Current GC threshold: 21.00 MB
CDS: on
MetaspaceReclaimPolicy: balanced
 - commit_granule_bytes: 65536.
 - commit_granule_words: 8192.
 - virtual_space_node_default_size: 8388608.
 - enlarge_chunks_in_place: 1.
 - new_chunks_are_fully_committed: 0.
 - uncommit_free_chunks: 1.
 - use_allocation_guard: 0.
 - handle_deallocations: 1.


Internal statistics:

num_allocs_failed_limit: 0.
num_arena_births: 182.
num_arena_deaths: 0.
num_vsnodes_births: 2.
num_vsnodes_deaths: 0.
num_space_committed: 223.
num_space_uncommitted: 0.
num_chunks_returned_to_freelist: 0.
num_chunks_taken_from_freelist: 607.
num_chunk_merges: 0.
num_chunk_splits: 428.
num_chunks_enlarged: 346.
num_purges: 0.
num_inconsistent_stats: 0.

CodeHeap 'non-profiled nmethods': size=120000Kb used=645Kb max_used=645Kb free=119354Kb
 bounds [0x0000014ea3fb0000, 0x0000014ea4220000, 0x0000014eab4e0000]
CodeHeap 'profiled nmethods': size=120000Kb used=3229Kb max_used=3229Kb free=116771Kb
 bounds [0x0000014e9c4e0000, 0x0000014e9c810000, 0x0000014ea3a10000]
CodeHeap 'non-nmethods': size=5760Kb used=1198Kb max_used=1227Kb free=4562Kb
 bounds [0x0000014ea3a10000, 0x0000014ea3c80000, 0x0000014ea3fb0000]
 total_blobs=2280 nmethods=1786 adapters=406
 compilation: enabled
              stopped_count=0, restarted_count=0
 full_count=0

Compilation events (20 events):
Event: 1.625 Thread 0x0000014eb2d2a470 nmethod 1777 0x0000014e9c7fef10 code [0x0000014e9c7ff0c0, 0x0000014e9c7ff208]
Event: 1.625 Thread 0x0000014eb2d2a470 1778       3       org.springframework.util.ConcurrentReferenceHashMap$ReferenceManager::createReference (43 bytes)
Event: 1.625 Thread 0x0000014eb2d2a470 nmethod 1778 0x0000014e9c7ff290 code [0x0000014e9c7ff480, 0x0000014e9c7ffa08]
Event: 1.626 Thread 0x0000014eb2d2a470 1779       3       org.springframework.core.ResolvableType::resolve (16 bytes)
Event: 1.626 Thread 0x0000014eb2d2a470 nmethod 1779 0x0000014e9c7ffc10 code [0x0000014e9c7ffda0, 0x0000014e9c7fff18]
Event: 1.627 Thread 0x0000014eb2d2a470 1780       3       java.lang.Class::privateGetDeclaredMethods (64 bytes)
Event: 1.627 Thread 0x0000014eb2d2a470 nmethod 1780 0x0000014e9c7fff90 code [0x0000014e9c8001c0, 0x0000014e9c8009b8]
Event: 1.628 Thread 0x0000014eb2d2a470 1781       3       java.lang.invoke.MethodHandles$Lookup::resolveOrFail (44 bytes)
Event: 1.628 Thread 0x0000014eb2d2a470 nmethod 1781 0x0000014e9c800c10 code [0x0000014e9c800ec0, 0x0000014e9c801b88]
Event: 1.628 Thread 0x0000014eb2d2a470 1782       3       java.lang.invoke.MethodHandles$Lookup::getDirectMethodForConstant (72 bytes)
Event: 1.630 Thread 0x0000014eb2d2a470 nmethod 1782 0x0000014e9c802010 code [0x0000014e9c802360, 0x0000014e9c803668]
Event: 1.630 Thread 0x0000014eb2d2a470 1783       3       java.util.HashSet::contains (9 bytes)
Event: 1.630 Thread 0x0000014eb2d2a470 nmethod 1783 0x0000014e9c803c90 code [0x0000014e9c803e40, 0x0000014e9c804008]
Event: 1.630 Thread 0x0000014eb2d2a470 1784       3       java.util.zip.ZipEntry::setExtra0 (493 bytes)
Event: 1.631 Thread 0x0000014eb2d1e5b0 1785       4       java.util.LinkedHashMap::get (29 bytes)
Event: 1.632 Thread 0x0000014eb2d2a470 nmethod 1784 0x0000014e9c804110 code [0x0000014e9c8044c0, 0x0000014e9c806178]
Event: 1.634 Thread 0x0000014eb2d2a470 1786       3       jdk.internal.reflect.ReflectionFactory::copyConstructor (11 bytes)
Event: 1.634 Thread 0x0000014eb2d2a470 nmethod 1786 0x0000014e9c806b10 code [0x0000014e9c806cc0, 0x0000014e9c806ea8]
Event: 1.634 Thread 0x0000014eb2d2a470 1787       3       java.lang.reflect.ReflectAccess::copyConstructor (5 bytes)
Event: 1.634 Thread 0x0000014eb2d2a470 nmethod 1787 0x0000014e9c807010 code [0x0000014e9c8071c0, 0x0000014e9c807308]

GC Heap History (4 events):
Event: 1.034 GC heap before
{Heap before GC invocations=0 (full 0):
 garbage-first heap   total 122880K, used 24576K [0x0000000089400000, 0x0000000100000000)
  region size 1024K, 23 young (23552K), 0 survivors (0K)
 Metaspace       used 6438K, committed 6656K, reserved 1114112K
  class space    used 774K, committed 896K, reserved 1048576K
}
Event: 1.043 GC heap after
{Heap after GC invocations=1 (full 0):
 garbage-first heap   total 122880K, used 6784K [0x0000000089400000, 0x0000000100000000)
  region size 1024K, 3 young (3072K), 3 survivors (3072K)
 Metaspace       used 6438K, committed 6656K, reserved 1114112K
  class space    used 774K, committed 896K, reserved 1048576K
}
Event: 1.615 GC heap before
{Heap before GC invocations=1 (full 0):
 garbage-first heap   total 122880K, used 34432K [0x0000000089400000, 0x0000000100000000)
  region size 1024K, 31 young (31744K), 3 survivors (3072K)
 Metaspace       used 13735K, committed 14016K, reserved 1114112K
  class space    used 1650K, committed 1792K, reserved 1048576K
}
Event: 1.621 GC heap after
{Heap after GC invocations=2 (full 0):
 garbage-first heap   total 122880K, used 9543K [0x0000000089400000, 0x0000000100000000)
  region size 1024K, 3 young (3072K), 3 survivors (3072K)
 Metaspace       used 13735K, committed 14016K, reserved 1114112K
  class space    used 1650K, committed 1792K, reserved 1048576K
}

Deoptimization events (20 events):
Event: 1.493 Thread 0x0000014e94c4a7b0 Uncommon trap: trap_request=0xffffff45 fr.pc=0x0000014ea4011de0 relative=0x00000000000002c0
Event: 1.493 Thread 0x0000014e94c4a7b0 Uncommon trap: reason=unstable_if action=reinterpret pc=0x0000014ea4011de0 method=jdk.internal.org.objectweb.asm.SymbolTable.put(Ljdk/internal/org/objectweb/asm/SymbolTable$Entry;)Ljdk/internal/org/objectweb/asm/SymbolTable$Entry; @ 13 c2
Event: 1.493 Thread 0x0000014e94c4a7b0 DEOPT PACKING pc=0x0000014ea4011de0 sp=0x00000025b39fd210
Event: 1.493 Thread 0x0000014e94c4a7b0 DEOPT UNPACKING pc=0x0000014ea3a623a3 sp=0x00000025b39fd190 mode 2
Event: 1.555 Thread 0x0000014ef8aea140 Uncommon trap: trap_request=0xffffffde fr.pc=0x0000014ea404b52c relative=0x000000000000010c
Event: 1.555 Thread 0x0000014ef8aea140 Uncommon trap: reason=class_check action=maybe_recompile pc=0x0000014ea404b52c method=jdk.internal.misc.Unsafe.allocateUninitializedArray(Ljava/lang/Class;I)Ljava/lang/Object; @ 51 c2
Event: 1.555 Thread 0x0000014ef8aea140 DEOPT PACKING pc=0x0000014ea404b52c sp=0x00000025b53fd4a0
Event: 1.555 Thread 0x0000014ef8aea140 DEOPT UNPACKING pc=0x0000014ea3a623a3 sp=0x00000025b53fd428 mode 2
Event: 1.556 Thread 0x0000014e94c4a7b0 Uncommon trap: trap_request=0xffffffde fr.pc=0x0000014ea404b52c relative=0x000000000000010c
Event: 1.556 Thread 0x0000014e94c4a7b0 Uncommon trap: reason=class_check action=maybe_recompile pc=0x0000014ea404b52c method=jdk.internal.misc.Unsafe.allocateUninitializedArray(Ljava/lang/Class;I)Ljava/lang/Object; @ 51 c2
Event: 1.556 Thread 0x0000014e94c4a7b0 DEOPT PACKING pc=0x0000014ea404b52c sp=0x00000025b39fd700
Event: 1.556 Thread 0x0000014e94c4a7b0 DEOPT UNPACKING pc=0x0000014ea3a623a3 sp=0x00000025b39fd688 mode 2
Event: 1.556 Thread 0x0000014e94c4a7b0 Uncommon trap: trap_request=0xffffffde fr.pc=0x0000014ea404b52c relative=0x000000000000010c
Event: 1.556 Thread 0x0000014e94c4a7b0 Uncommon trap: reason=class_check action=maybe_recompile pc=0x0000014ea404b52c method=jdk.internal.misc.Unsafe.allocateUninitializedArray(Ljava/lang/Class;I)Ljava/lang/Object; @ 51 c2
Event: 1.556 Thread 0x0000014e94c4a7b0 DEOPT PACKING pc=0x0000014ea404b52c sp=0x00000025b39fd300
Event: 1.556 Thread 0x0000014e94c4a7b0 DEOPT UNPACKING pc=0x0000014ea3a623a3 sp=0x00000025b39fd288 mode 2
Event: 1.556 Thread 0x0000014ef8aea140 Uncommon trap: trap_request=0xffffffde fr.pc=0x0000014ea404b52c relative=0x000000000000010c
Event: 1.556 Thread 0x0000014ef8aea140 Uncommon trap: reason=class_check action=maybe_recompile pc=0x0000014ea404b52c method=jdk.internal.misc.Unsafe.allocateUninitializedArray(Ljava/lang/Class;I)Ljava/lang/Object; @ 51 c2
Event: 1.556 Thread 0x0000014ef8aea140 DEOPT PACKING pc=0x0000014ea404b52c sp=0x00000025b53fe7d0
Event: 1.556 Thread 0x0000014ef8aea140 DEOPT UNPACKING pc=0x0000014ea3a623a3 sp=0x00000025b53fe758 mode 2

Classes unloaded (0 events):
No events

Classes redefined (0 events):
No events

Internal exceptions (20 events):
Event: 1.029 Thread 0x0000014e94c4a7b0 Exception <a 'java/lang/NoSuchMethodError'{0x000000008f5e0c60}: 'java.lang.Object java.lang.invoke.DirectMethodHandle$Holder.newInvokeSpecial(java.lang.Object, java.lang.Object, java.lang.Object, java.lang.Object, java.lang.Object, java.lang.Object, int)'> (0x000000008f5e0c60) 
thrown [s\open\src\hotspot\share\interpreter\linkResolver.cpp, line 759]
Event: 1.029 Thread 0x0000014e94c4a7b0 Exception <a 'java/lang/NoSuchMethodError'{0x000000008f5e5ca0}: 'java.lang.Object java.lang.invoke.DirectMethodHandle$Holder.invokeSpecial(java.lang.Object, java.lang.Object, java.lang.Object, java.lang.Object, java.lang.Object, java.lang.Object, java.lang.Object, int)'> (0x000000008f5e5ca0) 
thrown [s\open\src\hotspot\share\interpreter\linkResolver.cpp, line 759]
Event: 1.084 Thread 0x0000014e94c4a7b0 Exception <a 'java/lang/NoSuchMethodError'{0x0000000090a17f50}: 'int java.lang.invoke.DirectMethodHandle$Holder.invokeInterface(java.lang.Object, java.lang.Object)'> (0x0000000090a17f50) 
thrown [s\open\src\hotspot\share\interpreter\linkResolver.cpp, line 759]
Event: 1.091 Thread 0x0000014e94c4a7b0 Exception <a 'java/lang/NoSuchMethodError'{0x0000000090a3d9e8}: 'void java.lang.invoke.DirectMethodHandle$Holder.invokeSpecial(java.lang.Object, java.lang.Object, java.lang.Object, java.lang.Object, java.lang.Object)'> (0x0000000090a3d9e8) 
thrown [s\open\src\hotspot\share\interpreter\linkResolver.cpp, line 759]
Event: 1.136 Thread 0x0000014e94c4a7b0 Exception <a 'java/lang/NoSuchMethodError'{0x000000009091d1a8}: 'java.lang.Object java.lang.invoke.DirectMethodHandle$Holder.invokeSpecial(java.lang.Object, java.lang.Object, java.lang.Object, int, java.lang.Object)'> (0x000000009091d1a8) 
thrown [s\open\src\hotspot\share\interpreter\linkResolver.cpp, line 759]
Event: 1.137 Thread 0x0000014e94c4a7b0 Exception <a 'java/lang/NoSuchMethodError'{0x0000000090925808}: 'java.lang.Object java.lang.invoke.DirectMethodHandle$Holder.newInvokeSpecial(java.lang.Object, java.lang.Object, java.lang.Object, int, java.lang.Object)'> (0x0000000090925808) 
thrown [s\open\src\hotspot\share\interpreter\linkResolver.cpp, line 759]
Event: 1.138 Thread 0x0000014e94c4a7b0 Exception <a 'java/lang/NoSuchMethodError'{0x000000009092d1d8}: 'java.lang.Object java.lang.invoke.Invokers$Holder.linkToTargetMethod(java.lang.Object, java.lang.Object, int, java.lang.Object, java.lang.Object)'> (0x000000009092d1d8) 
thrown [s\open\src\hotspot\share\interpreter\linkResolver.cpp, line 759]
Event: 1.140 Thread 0x0000014e94c4a7b0 Exception <a 'java/lang/NoSuchMethodError'{0x000000009093c010}: 'java.lang.Object java.lang.invoke.DirectMethodHandle$Holder.newInvokeSpecial(java.lang.Object, int, java.lang.Object)'> (0x000000009093c010) 
thrown [s\open\src\hotspot\share\interpreter\linkResolver.cpp, line 759]
Event: 1.140 Thread 0x0000014e94c4a7b0 Exception <a 'java/lang/NoSuchMethodError'{0x0000000090940d78}: 'int java.lang.invoke.DirectMethodHandle$Holder.invokeSpecialIFC(java.lang.Object, java.lang.Object, java.lang.Object, java.lang.Object)'> (0x0000000090940d78) 
thrown [s\open\src\hotspot\share\interpreter\linkResolver.cpp, line 759]
Event: 1.173 Thread 0x0000014e94c4a7b0 Exception <a 'java/lang/NoSuchMethodError'{0x000000009081b470}: 'void java.lang.invoke.DirectMethodHandle$Holder.invokeInterface(java.lang.Object, java.lang.Object, java.lang.Object)'> (0x000000009081b470) 
thrown [s\open\src\hotspot\share\interpreter\linkResolver.cpp, line 759]
Event: 1.196 Thread 0x0000014e94c4a7b0 Exception <a 'java/lang/NoSuchMethodError'{0x00000000908a12f0}: 'void java.lang.invoke.DirectMethodHandle$Holder.invokeStaticInit(java.lang.Object, java.lang.Object, java.lang.Object)'> (0x00000000908a12f0) 
thrown [s\open\src\hotspot\share\interpreter\linkResolver.cpp, line 759]
Event: 1.203 Thread 0x0000014e94c4a7b0 Exception <a 'java/lang/NoSuchMethodError'{0x00000000908e8708}: 'java.lang.Object java.lang.invoke.DirectMethodHandle$Holder.invokeVirtual(java.lang.Object, java.lang.Object, java.lang.Object)'> (0x00000000908e8708) 
thrown [s\open\src\hotspot\share\interpreter\linkResolver.cpp, line 759]
Event: 1.209 Thread 0x0000014e94c4a7b0 Exception <a 'java/lang/NoSuchMethodError'{0x000000009070aa80}: 'java.lang.Object java.lang.invoke.DirectMethodHandle$Holder.invokeStatic(java.lang.Object, java.lang.Object, long, java.lang.Object)'> (0x000000009070aa80) 
thrown [s\open\src\hotspot\share\interpreter\linkResolver.cpp, line 759]
Event: 1.210 Thread 0x0000014e94c4a7b0 Exception <a 'java/lang/NoSuchMethodError'{0x000000009070e518}: 'java.lang.Object java.lang.invoke.DirectMethodHandle$Holder.invokeStaticInit(java.lang.Object, java.lang.Object, long, java.lang.Object)'> (0x000000009070e518) 
thrown [s\open\src\hotspot\share\interpreter\linkResolver.cpp, line 759]
Event: 1.210 Thread 0x0000014e94c4a7b0 Exception <a 'java/lang/NoSuchMethodError'{0x0000000090714c58}: 'java.lang.Object java.lang.invoke.DirectMethodHandle$Holder.newInvokeSpecial(java.lang.Object, java.lang.Object, long)'> (0x0000000090714c58) 
thrown [s\open\src\hotspot\share\interpreter\linkResolver.cpp, line 759]
Event: 1.211 Thread 0x0000014e94c4a7b0 Exception <a 'java/lang/NoSuchMethodError'{0x00000000907187c8}: 'java.lang.Object java.lang.invoke.Invokers$Holder.linkToTargetMethod(java.lang.Object, long, java.lang.Object)'> (0x00000000907187c8) 
thrown [s\open\src\hotspot\share\interpreter\linkResolver.cpp, line 759]
Event: 1.228 Thread 0x0000014e94c4a7b0 Exception <a 'java/lang/NoSuchMethodError'{0x0000000090778c18}: 'void java.lang.invoke.DirectMethodHandle$Holder.invokeVirtual(java.lang.Object, java.lang.Object, java.lang.Object, java.lang.Object)'> (0x0000000090778c18) 
thrown [s\open\src\hotspot\share\interpreter\linkResolver.cpp, line 759]
Event: 1.273 Thread 0x0000014e94c4a7b0 Exception <a 'java/lang/NoSuchMethodError'{0x00000000906da0e0}: 'void java.lang.invoke.DirectMethodHandle$Holder.invokeSpecial(java.lang.Object, java.lang.Object, java.lang.Object)'> (0x00000000906da0e0) 
thrown [s\open\src\hotspot\share\interpreter\linkResolver.cpp, line 759]
Event: 1.283 Thread 0x0000014ef8aea140 Exception <a 'java/lang/NoClassDefFoundError'{0x00000000905166d8}: jakarta/validation/Validation> (0x00000000905166d8) 
thrown [s\open\src\hotspot\share\classfile\systemDictionary.cpp, line 245]
Event: 1.283 Thread 0x0000014e94c4a7b0 Exception <a 'java/lang/IncompatibleClassChangeError'{0x000000009053bba8}: Found class java.lang.Object, but interface was expected> (0x000000009053bba8) 
thrown [s\open\src\hotspot\share\interpreter\linkResolver.cpp, line 826]

VM Operations (20 events):
Event: 0.309 Executing VM operation: HandshakeAllThreads
Event: 0.309 Executing VM operation: HandshakeAllThreads done
Event: 0.425 Executing VM operation: HandshakeAllThreads
Event: 0.425 Executing VM operation: HandshakeAllThreads done
Event: 0.785 Executing VM operation: HandshakeAllThreads
Event: 0.785 Executing VM operation: HandshakeAllThreads done
Event: 1.033 Executing VM operation: G1CollectForAllocation
Event: 1.043 Executing VM operation: G1CollectForAllocation done
Event: 1.103 Executing VM operation: HandshakeAllThreads
Event: 1.103 Executing VM operation: HandshakeAllThreads done
Event: 1.269 Executing VM operation: HandshakeAllThreads
Event: 1.270 Executing VM operation: HandshakeAllThreads done
Event: 1.270 Executing VM operation: HandshakeAllThreads
Event: 1.270 Executing VM operation: HandshakeAllThreads done
Event: 1.407 Executing VM operation: ICBufferFull
Event: 1.407 Executing VM operation: ICBufferFull done
Event: 1.485 Executing VM operation: HandshakeAllThreads
Event: 1.485 Executing VM operation: HandshakeAllThreads done
Event: 1.615 Executing VM operation: G1CollectForAllocation
Event: 1.621 Executing VM operation: G1CollectForAllocation done

Events (20 events):
Event: 1.611 loading class java/beans/BeanInfo
Event: 1.611 loading class java/beans/BeanInfo done
Event: 1.614 loading class java/beans/MethodRef
Event: 1.614 loading class java/beans/MethodRef done
Event: 1.615 loading class java/beans/SimpleBeanInfo
Event: 1.615 loading class java/beans/SimpleBeanInfo done
Event: 1.623 loading class com/sun/beans/TypeResolver
Event: 1.623 loading class com/sun/beans/TypeResolver done
Event: 1.623 loading class com/sun/beans/WeakCache
Event: 1.623 loading class com/sun/beans/WeakCache done
Event: 1.624 loading class sun/reflect/generics/scope/MethodScope
Event: 1.624 loading class sun/reflect/generics/scope/MethodScope done
Event: 1.624 loading class sun/reflect/generics/repository/MethodRepository
Event: 1.624 loading class sun/reflect/generics/repository/MethodRepository done
Event: 1.624 loading class com/sun/beans/WildcardTypeImpl
Event: 1.624 loading class com/sun/beans/WildcardTypeImpl done
Event: 1.624 loading class java/util/AbstractList$ListItr
Event: 1.624 loading class java/util/AbstractList$Itr
Event: 1.624 loading class java/util/AbstractList$Itr done
Event: 1.624 loading class java/util/AbstractList$ListItr done


Dynamic libraries:
0x00007ff69d750000 - 0x00007ff69d760000 	C:\Program Files\Java\jdk-17\bin\java.exe
0x00007ffce5d30000 - 0x00007ffce5f47000 	C:\WINDOWS\SYSTEM32\ntdll.dll
0x00007ffce5230000 - 0x00007ffce52f4000 	C:\WINDOWS\System32\KERNEL32.DLL
0x00007ffce35c0000 - 0x00007ffce3967000 	C:\WINDOWS\System32\KERNELBASE.dll
0x00007ffce3270000 - 0x00007ffce3381000 	C:\WINDOWS\System32\ucrtbase.dll
0x00007ffcd5fe0000 - 0x00007ffcd5ff9000 	C:\Program Files\Java\jdk-17\bin\jli.dll
0x00007ffcdd250000 - 0x00007ffcdd26b000 	C:\Program Files\Java\jdk-17\bin\VCRUNTIME140.dll
0x00007ffce41d0000 - 0x00007ffce4282000 	C:\WINDOWS\System32\ADVAPI32.dll
0x00007ffce4290000 - 0x00007ffce4337000 	C:\WINDOWS\System32\msvcrt.dll
0x00007ffce55e0000 - 0x00007ffce5688000 	C:\WINDOWS\System32\sechost.dll
0x00007ffce3970000 - 0x00007ffce3998000 	C:\WINDOWS\System32\bcrypt.dll
0x00007ffce4fb0000 - 0x00007ffce50c5000 	C:\WINDOWS\System32\RPCRT4.dll
0x00007ffce3b70000 - 0x00007ffce3d1e000 	C:\WINDOWS\System32\USER32.dll
0x00007ffce31c0000 - 0x00007ffce31e6000 	C:\WINDOWS\System32\win32u.dll
0x00007ffcd1320000 - 0x00007ffcd15b3000 	C:\WINDOWS\WinSxS\amd64_microsoft.windows.common-controls_6595b64144ccf1df_6.0.22621.3527_none_270e469b73872a76\COMCTL32.dll
0x00007ffce4630000 - 0x00007ffce4659000 	C:\WINDOWS\System32\GDI32.dll
0x00007ffce34a0000 - 0x00007ffce35b9000 	C:\WINDOWS\System32\gdi32full.dll
0x00007ffce3390000 - 0x00007ffce342a000 	C:\WINDOWS\System32\msvcp_win.dll
0x00007ffcdbf90000 - 0x00007ffcdbf9a000 	C:\WINDOWS\SYSTEM32\VERSION.dll
0x00007ffce4190000 - 0x00007ffce41c1000 	C:\WINDOWS\System32\IMM32.DLL
0x00007ffcde500000 - 0x00007ffcde50c000 	C:\Program Files\Java\jdk-17\bin\vcruntime140_1.dll
0x00007ffccc870000 - 0x00007ffccc8fe000 	C:\Program Files\Java\jdk-17\bin\msvcp140.dll
0x00007ffc910b0000 - 0x00007ffc91c8e000 	C:\Program Files\Java\jdk-17\bin\server\jvm.dll
0x00007ffce3a60000 - 0x00007ffce3a68000 	C:\WINDOWS\System32\PSAPI.DLL
0x00007ffcc0c70000 - 0x00007ffcc0c79000 	C:\WINDOWS\SYSTEM32\WSOCK32.dll
0x00007ffcdc500000 - 0x00007ffcdc534000 	C:\WINDOWS\SYSTEM32\WINMM.dll
0x00007ffce4340000 - 0x00007ffce43b1000 	C:\WINDOWS\System32\WS2_32.dll
0x00007ffce2050000 - 0x00007ffce2068000 	C:\WINDOWS\SYSTEM32\kernel.appcore.dll
0x00007ffcd6490000 - 0x00007ffcd649a000 	C:\Program Files\Java\jdk-17\bin\jimage.dll
0x00007ffcd95b0000 - 0x00007ffcd97e2000 	C:\WINDOWS\SYSTEM32\DBGHELP.DLL
0x00007ffce3e00000 - 0x00007ffce4188000 	C:\WINDOWS\System32\combase.dll
0x00007ffce4ec0000 - 0x00007ffce4f97000 	C:\WINDOWS\System32\OLEAUT32.dll
0x00007ffcd9190000 - 0x00007ffcd91c2000 	C:\WINDOWS\SYSTEM32\dbgcore.DLL
0x00007ffce31f0000 - 0x00007ffce3269000 	C:\WINDOWS\System32\bcryptPrimitives.dll
0x00007ffcd65f0000 - 0x00007ffcd65fe000 	C:\Program Files\Java\jdk-17\bin\instrument.dll
0x00007ffcd2140000 - 0x00007ffcd2165000 	C:\Program Files\Java\jdk-17\bin\java.dll
0x00007ffccc940000 - 0x00007ffccca17000 	C:\Program Files\Java\jdk-17\bin\jsvml.dll
0x00007ffce4660000 - 0x00007ffce4ebc000 	C:\WINDOWS\System32\SHELL32.dll
0x00007ffce0f40000 - 0x00007ffce1836000 	C:\WINDOWS\SYSTEM32\windows.storage.dll
0x00007ffce0e00000 - 0x00007ffce0f3e000 	C:\WINDOWS\SYSTEM32\wintypes.dll
0x00007ffce5b30000 - 0x00007ffce5c25000 	C:\WINDOWS\System32\SHCORE.dll
0x00007ffce3d20000 - 0x00007ffce3d7e000 	C:\WINDOWS\System32\shlwapi.dll
0x00007ffce2f80000 - 0x00007ffce2fa1000 	C:\WINDOWS\SYSTEM32\profapi.dll
0x00007ffcd6640000 - 0x00007ffcd6658000 	C:\Program Files\Java\jdk-17\bin\zip.dll
0x00007ffcde3e0000 - 0x00007ffcde3f9000 	C:\Program Files\Java\jdk-17\bin\net.dll
0x00007ffcdd890000 - 0x00007ffcdd9c6000 	C:\WINDOWS\SYSTEM32\WINHTTP.dll
0x00007ffce24e0000 - 0x00007ffce2549000 	C:\WINDOWS\system32\mswsock.dll
0x00007ffcdc670000 - 0x00007ffcdc686000 	C:\Program Files\Java\jdk-17\bin\nio.dll
0x00007ffcd65d0000 - 0x00007ffcd65ea000 	C:\Program Files\JetBrains\IntelliJ IDEA Community Edition 2023.3.3\bin\breakgen64.dll

dbghelp: loaded successfully - version: 4.0.5 - missing functions: none
symbol engine: initialized successfully - sym options: 0x614 - pdb path: .;C:\Program Files\Java\jdk-17\bin;C:\WINDOWS\SYSTEM32;C:\WINDOWS\WinSxS\amd64_microsoft.windows.common-controls_6595b64144ccf1df_6.0.22621.3527_none_270e469b73872a76;C:\Program Files\Java\jdk-17\bin\server;C:\Program Files\JetBrains\IntelliJ IDEA Community Edition 2023.3.3\bin

VM Arguments:
jvm_args: -javaagent:C:\Program Files\JetBrains\IntelliJ IDEA Community Edition 2023.3.3\lib\idea_rt.jar=59240:C:\Program Files\JetBrains\IntelliJ IDEA Community Edition 2023.3.3\bin -Dfile.encoding=UTF-8 
java_command: dev.v1k.Employee.Management.System.EmployeeManagementSystemApplication
java_class_path (initial): C:\Users\satvi\dev\Employee-Management-System\target\classes;C:\Users\satvi\.m2\repository\org\springframework\boot\spring-boot-starter-data-jpa\3.3.0\spring-boot-starter-data-jpa-3.3.0.jar;C:\Users\satvi\.m2\repository\org\springframework\boot\spring-boot-starter-aop\3.3.0\spring-boot-starter-aop-3.3.0.jar;C:\Users\satvi\.m2\repository\org\springframework\spring-aop\6.1.8\spring-aop-6.1.8.jar;C:\Users\satvi\.m2\repository\org\aspectj\aspectjweaver\1.9.22\aspectjweaver-1.9.22.jar;C:\Users\satvi\.m2\repository\org\springframework\boot\spring-boot-starter-jdbc\3.3.0\spring-boot-starter-jdbc-3.3.0.jar;C:\Users\satvi\.m2\repository\com\zaxxer\HikariCP\5.1.0\HikariCP-5.1.0.jar;C:\Users\satvi\.m2\repository\org\springframework\spring-jdbc\6.1.8\spring-jdbc-6.1.8.jar;C:\Users\satvi\.m2\repository\org\hibernate\orm\hibernate-core\6.5.2.Final\hibernate-core-6.5.2.Final.jar;C:\Users\satvi\.m2\repository\jakarta\persistence\jakarta.persistence-api\3.1.0\jakarta.persistence-api-3.1.0.jar;C:\Users\satvi\.m2\repository\jakarta\transaction\jakarta.transaction-api\2.0.1\jakarta.transaction-api-2.0.1.jar;C:\Users\satvi\.m2\repository\org\jboss\logging\jboss-logging\3.5.3.Final\jboss-logging-3.5.3.Final.jar;C:\Users\satvi\.m2\repository\org\hibernate\common\hibernate-commons-annotations\6.0.6.Final\hibernate-commons-annotations-6.0.6.Final.jar;C:\Users\satvi\.m2\repository\io\smallrye\jandex\3.1.2\jandex-3.1.2.jar;C:\Users\satvi\.m2\repository\com\fasterxml\classmate\1.7.0\classmate-1.7.0.jar;C:\Users\satvi\.m2\repository\net\bytebuddy\byte-buddy\1.14.16\byte-buddy-1.14.16.jar;C:\Users\satvi\.m2\repository\org\glassfish\jaxb\jaxb-runtime\4.0.5\jaxb-runtime-4.0.5.jar;C:\Users\satvi\.m2\repository\org\glassfish\jaxb\jaxb-core\4.0.5\jaxb-core-4.0.5.jar;C:\Users\satvi\.m2\repository\org\eclipse\angus\angus-activation\2.0.2\angus-activation-2.0.2.jar;C:\Users\satvi\.m2\repository\org\glassfish\jaxb\txw2\4.0.5\txw2-4.0.5.jar;C:\Users\satvi\.m2\repository\com\su
Launcher Type: SUN_STANDARD

[Global flags]
     intx CICompilerCount                          = 4                                         {product} {ergonomic}
     uint ConcGCThreads                            = 3                                         {product} {ergonomic}
     uint G1ConcRefinementThreads                  = 10                                        {product} {ergonomic}
   size_t G1HeapRegionSize                         = 1048576                                   {product} {ergonomic}
    uintx GCDrainStackTargetSize                   = 64                                        {product} {ergonomic}
   size_t InitialHeapSize                          = 125829120                                 {product} {ergonomic}
   size_t MarkStackSize                            = 4194304                                   {product} {ergonomic}
   size_t MaxHeapSize                              = 1992294400                                {product} {ergonomic}
   size_t MaxNewSize                               = 1195376640                                {product} {ergonomic}
   size_t MinHeapDeltaBytes                        = 1048576                                   {product} {ergonomic}
   size_t MinHeapSize                              = 8388608                                   {product} {ergonomic}
    uintx NonNMethodCodeHeapSize                   = 5839372                                {pd product} {ergonomic}
    uintx NonProfiledCodeHeapSize                  = 122909434                              {pd product} {ergonomic}
    uintx ProfiledCodeHeapSize                     = 122909434                              {pd product} {ergonomic}
    uintx ReservedCodeCacheSize                    = 251658240                              {pd product} {ergonomic}
     bool SegmentedCodeCache                       = true                                      {product} {ergonomic}
   size_t SoftMaxHeapSize                          = 1992294400                             {manageable} {ergonomic}
     bool UseCompressedClassPointers               = true                           {product lp64_product} {ergonomic}
     bool UseCompressedOops                        = true                           {product lp64_product} {ergonomic}
     bool UseG1GC                                  = true                                      {product} {ergonomic}
     bool UseLargePagesIndividualAllocation        = false                                  {pd product} {ergonomic}

Logging:
Log output configuration:
 #0: stdout all=warning uptime,level,tags
 #1: stderr all=off uptime,level,tags

Environment Variables:
JAVA_HOME=C:\Program Files\Java\jdk-17
PATH=C:\Program Files\Common Files\Oracle\Java\javapath;C:\Windows\system32;C:\Windows;C:\Windows\System32\Wbem;C:\Windows\System32\WindowsPowerShell\v1.0\;C:\Windows\System32\OpenSSH\;C:\Program Files\Git\cmd;C:\WINDOWS\system32;C:\WINDOWS;C:\WINDOWS\System32\Wbem;C:\WINDOWS\System32\WindowsPowerShell\v1.0\;C:\WINDOWS\System32\OpenSSH\;C:\Program Files\Docker\Docker\resources\bin;C:\Program Files\dotnet\;C:\Program Files\NVIDIA Corporation\NVIDIA NvDLISR;C:\Program Files (x86)\NVIDIA Corporation\PhysX\Common;C:\Program Files\Microsoft SQL Server\150\Tools\Binn\;C:\Program Files\apache-maven-3.9.6\bin;C:\Program Files\PostgreSQL\16\bin;C:\Program Files\kafka\bin;C:\Program Files\nodejs\;C:\Program Files (x86)\Go\bin;C:\Program Files\MySQL\MySQL Shell 8.0\bin\;C:\Users\satvi\AppData\Local\Programs\Python\Launcher\;C:\Program Files\Java\jdk-17\bin;C:\Users\satvi\AppData\Local\Programs\Microsoft VS Code\bin;C:\Program Files\JetBrains\PyCharm Community Edition 2023.3.3\bin;;C:\Users\satvi\AppData\Roaming\npm;C:\Users\satvi\go\bin;C:\Users\satvi\flutter\bin;C:\Program Files\JetBrains\RustRover 233.15026.24\bin;
USERNAME=vengeance
OS=Windows_NT
PROCESSOR_IDENTIFIER=AMD64 Family 23 Model 96 Stepping 1, AuthenticAMD



---------------  S Y S T E M  ---------------

OS:
 Windows 11 , 64 bit Build 22621 (10.0.22621.3527)
OS uptime: 1 days 0:26 hours
Hyper-V role detected

CPU: total 12 (initial active 12) (12 cores per cpu, 2 threads per core) family 23 model 96 stepping 1 microcode 0x0, cx8, cmov, fxsr, ht, mmx, 3dnowpref, sse, sse2, sse3, ssse3, sse4a, sse4.1, sse4.2, popcnt, lzcnt, tsc, tscinvbit, avx, avx2, aes, clmul, bmi1, bmi2, adx, sha, fma, vzeroupper, clflush, clflushopt, hv

Memory: 4k page, system-wide physical 7597M (405M free)
TotalPageFile size 31149M (AvailPageFile size 5M)
current process WorkingSet (physical memory assigned to process): 107M, peak: 107M
current process commit charge ("private bytes"): 235M, peak: 235M

vm_info: Java HotSpot(TM) 64-Bit Server VM (17.0.8+9-LTS-211) for windows-amd64 JRE (17.0.8+9-LTS-211), built on Jun 14 2023 10:34:31 by "mach5one" with MS VC++ 17.1 (VS2022)

END.
